<?xml version="1.0" encoding="UTF-8"?>
<!-- Generated by org.testng.reporters.JUnitReportReporter -->
<testsuite skipped="0" hostname="TAHA-PC" name="EmailTesting" tests="11" failures="0" timestamp="18 Oct 2021 12:39:27 GMT" time="109.082" errors="0">
  <testcase name="openSite" time="29.779" classname="EmailTesting"/>
  <testcase name="logIn" time="5.979" classname="EmailTesting"/>
  <testcase name="composeClick" time="20.650" classname="EmailTesting"/>
  <testcase name="sendMail" time="5.640" classname="EmailTesting"/>
  <testcase name="sendWithCC" time="5.856" classname="EmailTesting"/>
  <testcase name="sendWithAttachmentFromDrive" time="14.757" classname="EmailTesting"/>
  <testcase name="sendWithEmoji" time="6.036" classname="EmailTesting"/>
  <testcase name="sendWithoutRecipient" time="5.178" classname="EmailTesting"/>
  <testcase name="sendWithoutSubject" time="5.314" classname="EmailTesting"/>
  <testcase name="sendWithoutBody" time="4.775" classname="EmailTesting"/>
  <testcase name="discardDraft" time="5.118" classname="EmailTesting"/>
</testsuite> <!-- EmailTesting -->
