<?xml version="1.0" encoding="UTF-8"?>
<!-- Generated by org.testng.reporters.JUnitReportReporter -->
<testsuite skipped="0" hostname="TAHA-PC" name="EmailTesting" tests="4" failures="0" timestamp="24 Dec 2021 11:45:51 GMT" time="82.682" errors="0">
  <testcase name="openSite" time="32.676" classname="EmailTesting"/>
  <testcase name="logIn" time="8.739" classname="EmailTesting"/>
  <testcase name="composeClick" time="22.712" classname="EmailTesting"/>
  <testcase name="sendWithAttachmentFromDrive" time="18.555" classname="EmailTesting"/>
</testsuite> <!-- EmailTesting -->
